Build started 23-4-2016 13:43:14.
     1>Project "D:\Modding\Skyrim\Skyrim-Seasons\SKSE_Plugin\plugin_example\plugin_example.vcxproj" on node 2 (Build target(s)).
     1>C:\Program Files (x86)\MSBuild\Microsoft.Cpp\v4.0\V120\Microsoft.CppBuild.targets(364,5): warning MSB8004: Output Directory does not end with a trailing slash.  This build instance will add the slash as it is required to allow proper evaluation of the Output Directory.
     1>ClCompile:
         D:\Program Files (x86)\Microsoft Visual Studio 12.0\VC\bin\CL.exe /c /I"D:\Modding\Skyrim\Skyrim-Seasons\SKSE_Plugin\\..\common" /I"D:\Modding\Skyrim\Skyrim-Seasons\SKSE_Plugin\\" /I"D:\Modding\Skyrim\Skyrim-Seasons\SKSE_Plugin\\.." /ZI /nologo /W3 /WX- /Od /Oy- /D WIN32 /D _DEBUG /D _WINDOWS /D _USRDLL /D PLUGIN_EXAMPLE_EXPORTS /D _WINDLL /D _MBCS /Gm /EHsc /RTC1 /MTd /GS /fp:precise /Zc:wchar_t /Zc:forScope /Fo"Debug\\" /Fd"Debug\vc120.pdb" /Gd /TP /FIcommon/IPrefix.h /analyze- /errorReport:prompt MyPlugin.cpp
         MyPlugin.cpp
     1>Project "D:\Modding\Skyrim\Skyrim-Seasons\SKSE_Plugin\plugin_example\plugin_example.vcxproj" (1) is building "D:\Modding\Skyrim\Skyrim-Seasons\SKSE_Plugin\skse\skse.vcxproj" (3:3) on node 1 (GetResolvedLinkLibs target(s)).
     3>C:\Program Files (x86)\MSBuild\12.0\bin\Microsoft.Common.CurrentVersion.targets(1492,5): warning : The referenced project '..\..\common\common_vc9.vcxproj' does not exist.
     3>Done Building Project "D:\Modding\Skyrim\Skyrim-Seasons\SKSE_Plugin\skse\skse.vcxproj" (GetResolvedLinkLibs target(s)).
     1>Link:
         D:\Program Files (x86)\Microsoft Visual Studio 12.0\VC\bin\link.exe /ERRORREPORT:PROMPT /OUT:"..\..\SKSE\Plugins\Skyrim Seasons.dll" /INCREMENTAL /NOLOGO kernel32.lib user32.lib gdi32.lib winspool.lib comdlg32.lib advapi32.lib shell32.lib ole32.lib oleaut32.lib uuid.lib odbc32.lib odbccp32.lib /DEF:"exports.def" /MANIFEST /MANIFESTUAC:"level='asInvoker' uiAccess='false'" /manifest:embed /DEBUG /PDB:"..\..\SKSE\Plugins\Skyrim Seasons.pdb" /SUBSYSTEM:WINDOWS /TLBID:1 /DYNAMICBASE /NXCOMPAT /IMPLIB:"..\..\SKSE\Plugins\Skyrim Seasons.lib" /MACHINE:X86 /SAFESEH /DLL Debug\main.obj
         Debug\MyPlugin.obj
         "D:\Modding\Skyrim\Skyrim-Seasons\SKSE_Plugin\Debug\common.lib"
         "D:\Modding\Skyrim\Skyrim-Seasons\SKSE_Plugin\Debug\skse.lib"
     1>main.obj : warning LNK4075: ignoring '/EDITANDCONTINUE' due to '/SAFESEH' specification
            Creating library ..\..\SKSE\Plugins\Skyrim Seasons.lib and object ..\..\SKSE\Plugins\Skyrim Seasons.exp
     1>Skyrim Seasons.exp : warning LNK4070: /OUT:plugin_example.dll directive in .EXP differs from output filename '..\..\SKSE\Plugins\Skyrim Seasons.dll'; ignoring directive
         plugin_example.vcxproj -> D:\Modding\Skyrim\Skyrim-Seasons\SKSE_Plugin\plugin_example\..\..\SKSE\Plugins\Skyrim Seasons.dll
     1>Done Building Project "D:\Modding\Skyrim\Skyrim-Seasons\SKSE_Plugin\plugin_example\plugin_example.vcxproj" (Build target(s)).

Build succeeded.

Time Elapsed 00:00:05.23
